<?xml version="1.0" encoding="UTF-8"?>
<!-- Generated by org.testng.reporters.JUnitXMLReporter -->
<testsuite ignored="0" hostname="Maaroufi" failures="0" tests="8" name="Surefire test" time="8.084" errors="0" timestamp="2023-11-08T10:24:54 CET">
  <testcase classname="TODO.TestCases.UserTest" name="shouldBeAbleToRegistrer" time="6.161"/>
  <testcase classname="TODO.TestCases.UserTest" name="shouldNotBeAbleToLoginIfThePasswordIsNotCorrect" time="6.458"/>
  <testcase classname="TODO.TestCases.UserTest" name="shouldBeAbleToLogin" time="6.503"/>
  <testcase classname="TODO.TestCases.UserTest" name="shouldBeAbleToRegistrerWithTheSameEmail" time="6.509"/>
  <testcase classname="TODO.TestCases.TodoTest" name="shouldNotBeAbleTodoIfIsCompletedIsMissing" time="7.55"/>
  <testcase classname="TODO.TestCases.TodoTest" name="shouldBeAbleToAddTodo" time="7.554"/>
  <testcase classname="TODO.TestCases.TodoTest" name="shouldBeAbleToGetATodoByID" time="8.013"/>
  <testcase classname="TODO.TestCases.TodoTest" name="shouldBeAbleToDeleteATodo" time="8.015"/>
</testsuite> <!-- Surefire test -->
