<?xml version="1.0" encoding="UTF-8"?>
<!-- Generated by org.testng.reporters.JUnitXMLReporter -->
<testsuite ignored="0" hostname="Maaroufi" failures="0" tests="4" name="Default test" time="8.376" errors="0" timestamp="2023-11-07T19:44:34 CET">
  <testcase classname="TODO.TestCases.TodoTest" name="shouldBeAbleToAddTodo" time="5.049"/>
  <testcase classname="TODO.TestCases.TodoTest" name="shouldBeAbleToDeleteATodo" time="1.174"/>
  <testcase classname="TODO.TestCases.TodoTest" name="shouldBeAbleToGetATodoByID" time="1.23"/>
  <testcase classname="TODO.TestCases.TodoTest" name="shouldNotBeAbleTodoIfIsCompletedIsMissing" time="0.868"/>
</testsuite> <!-- Default test -->
