<?xml version="1.0" encoding="UTF-8"?>
<testsuite xmlns:xsi="http://www.w3.org/2001/XMLSchema-instance" xsi:noNamespaceSchemaLocation="https://maven.apache.org/surefire/maven-surefire-plugin/xsd/surefire-test-report-3.0.xsd" version="3.0" name="TestSuite" time="9.209" tests="8" errors="0" skipped="0" failures="0">
  <properties>
[...]
</properties>
  <testcase name="shouldBeAbleToRegistrer" classname="TODO.TestCases.UserTest" time="6.163">
    <system-out><![CDATA[Request method:	POST
Request URI:	https://todo.qacart.com/api/v1/users/register
Proxy:			<none>
Request params:	<none>
Query params:	<none>
Form params:	<none>
Path params:	<none>
Headers:		Accept=*/*
				Content-Type=application/json
Cookies:		<none>
Multiparts:		<none>
Body:
{
    "email": "heath.smith@yahoo.com",
    "password": "test123r",
    "firstName": "Evelynn",
    "lastName": "Pfeffer"
}
Request method:	POST
Request URI:	https://todo.qacart.com/api/v1/users/register
Proxy:			<none>
Request params:	<none>
Query params:	<none>
Form params:	<none>
Path params:	<none>
Headers:		Accept=*/*
				Content-Type=application/json
Cookies:		<none>
Multiparts:		<none>
Body:
{
    "email": "ria.conroy@hotmail.com",
    "password": "test123r",
    "firstName": "Damion",
    "lastName": "Brekke"
}
Request method:	POST
Request URI:	https://todo.qacart.com/api/v1/users/register
Proxy:			<none>
Request params:	<none>
Query params:	<none>
Form params:	<none>
Path params:	<none>
Headers:		Accept=*/*
				Content-Type=application/json
Cookies:		<none>
Multiparts:		<none>
Body:
{
    "email": "katelyn.rowe@hotmail.com",
    "password": "test123r",
    "firstName": "Johnny",
    "lastName": "Reynolds"
}
Request method:	POST
Request URI:	https://todo.qacart.com/api/v1/users/register
Proxy:			<none>
Request params:	<none>
Query params:	<none>
Form params:	<none>
Path params:	<none>
Headers:		Accept=*/*
				Content-Type=application/json
Cookies:		<none>
Multiparts:		<none>
Body:
{
    "email": "arletta.denesik@yahoo.com",
    "password": "test123r",
    "firstName": "Luke",
    "lastName": "Mitchell"
}
Request method:	POST
Request URI:	https://todo.qacart.com/api/v1/users/register
Proxy:			<none>
Request params:	<none>
Query params:	<none>
Form params:	<none>
Path params:	<none>
Headers:		Accept=*/*
				Content-Type=application/json
Cookies:		<none>
Multiparts:		<none>
Body:
{
    "email": "blaine.quigley@yahoo.com",
    "password": "test123r",
    "firstName": "Tyson",
    "lastName": "Schmidt"
}
Request method:	POST
Request URI:	https://todo.qacart.com/api/v1/users/register
Proxy:			<none>
Request params:	<none>
Query params:	<none>
Form params:	<none>
Path params:	<none>
Headers:		Accept=*/*
				Content-Type=application/json
Cookies:		<none>
Multiparts:		<none>
Body:
{
    "email": "shauna.doyle@hotmail.com",
    "password": "test123r",
    "firstName": "Tamisha",
    "lastName": "Tillman"
}
Request method:	POST
Request URI:	https://todo.qacart.com/api/v1/users/register
Proxy:			<none>
Request params:	<none>
Query params:	<none>
Form params:	<none>
Path params:	<none>
Headers:		Accept=*/*
				Content-Type=application/json
Cookies:		<none>
Multiparts:		<none>
Body:
{
    "email": "emmanuel.blanda@gmail.com",
    "password": "test123r",
    "firstName": "Willian",
    "lastName": "Ferry"
}
Request method:	POST
Request URI:	https://todo.qacart.com/api/v1/users/register
Proxy:			<none>
Request params:	<none>
Query params:	<none>
Form params:	<none>
Path params:	<none>
Headers:		Accept=*/*
				Content-Type=application/json
Cookies:		<none>
Multiparts:		<none>
Body:
{
    "email": "stephan.sporer@gmail.com",
    "password": "test123r",
    "firstName": "Mitchel",
    "lastName": "Harvey"
}
HTTP/1.1 201 Created
Server: Cowboy
Connection: keep-alive
X-Powered-By: Express
Access-Control-Allow-Origin: *
Set-Cookie: access_token=eyJhbGciOiJIUzI1NiIsInR5cCI6IkpXVCJ9.eyJpZCI6IjY1NGI1M2U0NTIyYWIyMDAxNDIyODY1ZSIsImZpcnN0TmFtZSI6IldpbGxpYW4iLCJsYXN0TmFtZSI6IkZlcnJ5IiwiaWF0IjoxNjk5NDM1NDkyfQ.6snqA1zpagULcZQlI2EEHnOmTjLk4vghzPwD_-p5Mzo; Path=/
Set-Cookie: userID=j%3A%22654b53e4522ab2001422865e%22; Path=/
Set-Cookie: firstName=Willian; Path=/
Content-Type: application/json; charset=utf-8
Content-Length: 280
Etag: W/"118-bpzk/EJRj19VmIyxExaoKX6G62A"
Date: Wed, 08 Nov 2023 09:24:52 GMT
Via: 1.1 vegur

{
    "access_token": "eyJhbGciOiJIUzI1NiIsInR5cCI6IkpXVCJ9.eyJpZCI6IjY1NGI1M2U0NTIyYWIyMDAxNDIyODY1ZSIsImZpcnN0TmFtZSI6IldpbGxpYW4iLCJsYXN0TmFtZSI6IkZlcnJ5IiwiaWF0IjoxNjk5NDM1NDkyfQ.6snqA1zpagULcZQlI2EEHnOmTjLk4vghzPwD_-p5Mzo",
    "userID": "654b53e4522ab2001422865e",
    "firstName": "Willian"
}
HTTP/1.1 201 Created
Server: Cowboy
Report-To: {"group":"heroku-nel","max_age":3600,"endpoints":[{"url":"https://nel.heroku.com/reports?ts=1699435491&sid=812dcc77-0bd0-43b1-a5f1-b25750382959&s=6wmrpz0cBKqO%2FxRuY8%2B28qlXko0oXawMqxEX4r6ze88%3D"}]}
Reporting-Endpoints: heroku-nel=https://nel.heroku.com/reports?ts=1699435491&sid=812dcc77-0bd0-43b1-a5f1-b25750382959&s=6wmrpz0cBKqO%2FxRuY8%2B28qlXko0oXawMqxEX4r6ze88%3D
Nel: {"report_to":"heroku-nel","max_age":3600,"success_fraction":0.005,"failure_fraction":0.05,"response_headers":["Via"]}
Connection: keep-alive
X-Powered-By: Express
Access-Control-Allow-Origin: *
Set-Cookie: access_token=eyJhbGciOiJIUzI1NiIsInR5cCI6IkpXVCJ9.eyJpZCI6IjY1NGI1M2U0NTIyYWIyMDAxNDIyODY2NCIsImZpcnN0TmFtZSI6IkV2ZWx5bm4iLCJsYXN0TmFtZSI6IlBmZWZmZXIiLCJpYXQiOjE2OTk0MzU0OTJ9.wrO5oZGB2vc0Iykh44i9pzEYfCrap2uvzske0yZ6p78; Path=/
Set-Cookie: userID=j%3A%22654b53e4522ab20014228664%22; Path=/
Set-Cookie: firstName=Evelynn; Path=/
Content-Type: application/json; charset=utf-8
Content-Length: 282
Etag: W/"11a-/HyqG54ea3hngpz0fV0FBodoJ64"
Date: Wed, 08 Nov 2023 09:24:52 GMT
Via: 1.1 vegur

{
    "access_token": "eyJhbGciOiJIUzI1NiIsInR5cCI6IkpXVCJ9.eyJpZCI6IjY1NGI1M2U0NTIyYWIyMDAxNDIyODY2NCIsImZpcnN0TmFtZSI6IkV2ZWx5bm4iLCJsYXN0TmFtZSI6IlBmZWZmZXIiLCJpYXQiOjE2OTk0MzU0OTJ9.wrO5oZGB2vc0Iykh44i9pzEYfCrap2uvzske0yZ6p78",
    "userID": "654b53e4522ab20014228664",
    "firstName": "Evelynn"
}
HTTP/1.1 201 Created
Server: Cowboy
Report-To: {"group":"heroku-nel","max_age":3600,"endpoints":[{"url":"https://nel.heroku.com/reports?ts=1699435491&sid=812dcc77-0bd0-43b1-a5f1-b25750382959&s=6wmrpz0cBKqO%2FxRuY8%2B28qlXko0oXawMqxEX4r6ze88%3D"}]}
Reporting-Endpoints: heroku-nel=https://nel.heroku.com/reports?ts=1699435491&sid=812dcc77-0bd0-43b1-a5f1-b25750382959&s=6wmrpz0cBKqO%2FxRuY8%2B28qlXko0oXawMqxEX4r6ze88%3D
Nel: {"report_to":"heroku-nel","max_age":3600,"success_fraction":0.005,"failure_fraction":0.05,"response_headers":["Via"]}
Connection: keep-alive
X-Powered-By: Express
Access-Control-Allow-Origin: *
Set-Cookie: access_token=eyJhbGciOiJIUzI1NiIsInR5cCI6IkpXVCJ9.eyJpZCI6IjY1NGI1M2U0NTIyYWIyMDAxNDIyODY2MCIsImZpcnN0TmFtZSI6IkpvaG5ueSIsImxhc3ROYW1lIjoiUmV5bm9sZHMiLCJpYXQiOjE2OTk0MzU0OTJ9.y9eDDWirRNH46yb4-rhBR3EVsmlmZYZUlSmBz2NkkFQ; Path=/
Set-Cookie: userID=j%3A%22654b53e4522ab20014228660%22; Path=/
Set-Cookie: firstName=Johnny; Path=/
Content-Type: application/json; charset=utf-8
Content-Length: 281
Etag: W/"119-+WwvlIyh7+UxakKF+CR8q/Prh8I"
Date: Wed, 08 Nov 2023 09:24:52 GMT
Via: 1.1 vegur

{
    "access_token": "eyJhbGciOiJIUzI1NiIsInR5cCI6IkpXVCJ9.eyJpZCI6IjY1NGI1M2U0NTIyYWIyMDAxNDIyODY2MCIsImZpcnN0TmFtZSI6IkpvaG5ueSIsImxhc3ROYW1lIjoiUmV5bm9sZHMiLCJpYXQiOjE2OTk0MzU0OTJ9.y9eDDWirRNH46yb4-rhBR3EVsmlmZYZUlSmBz2NkkFQ",
    "userID": "654b53e4522ab20014228660",
    "firstName": "Johnny"
}
HTTP/1.1 201 Created
Server: Cowboy
Report-To: {"group":"heroku-nel","max_age":3600,"endpoints":[{"url":"https://nel.heroku.com/reports?ts=1699435491&sid=812dcc77-0bd0-43b1-a5f1-b25750382959&s=6wmrpz0cBKqO%2FxRuY8%2B28qlXko0oXawMqxEX4r6ze88%3D"}]}
Reporting-Endpoints: heroku-nel=https://nel.heroku.com/reports?ts=1699435491&sid=812dcc77-0bd0-43b1-a5f1-b25750382959&s=6wmrpz0cBKqO%2FxRuY8%2B28qlXko0oXawMqxEX4r6ze88%3D
Nel: {"report_to":"heroku-nel","max_age":3600,"success_fraction":0.005,"failure_fraction":0.05,"response_headers":["Via"]}
Connection: keep-alive
X-Powered-By: Express
Access-Control-Allow-Origin: *
Set-Cookie: access_token=eyJhbGciOiJIUzI1NiIsInR5cCI6IkpXVCJ9.eyJpZCI6IjY1NGI1M2U0NTIyYWIyMDAxNDIyODY1OCIsImZpcnN0TmFtZSI6IlR5c29uIiwibGFzdE5hbWUiOiJTY2htaWR0IiwiaWF0IjoxNjk5NDM1NDkyfQ.OR8uVO67cPaGW8i2j3pE4H4NOUPaebmUn21Ssy2MI3c; Path=/
Set-Cookie: userID=j%3A%22654b53e4522ab20014228658%22; Path=/
Set-Cookie: firstName=Tyson; Path=/
Content-Type: application/json; charset=utf-8
Content-Length: 278
Etag: W/"116-eFzutlSXLJuRqolY6Q8WWR7DlAY"
Date: Wed, 08 Nov 2023 09:24:52 GMT
Via: 1.1 vegur

{
    "access_token": "eyJhbGciOiJIUzI1NiIsInR5cCI6IkpXVCJ9.eyJpZCI6IjY1NGI1M2U0NTIyYWIyMDAxNDIyODY1OCIsImZpcnN0TmFtZSI6IlR5c29uIiwibGFzdE5hbWUiOiJTY2htaWR0IiwiaWF0IjoxNjk5NDM1NDkyfQ.OR8uVO67cPaGW8i2j3pE4H4NOUPaebmUn21Ssy2MI3c",
    "userID": "654b53e4522ab20014228658",
    "firstName": "Tyson"
}
HTTP/1.1 201 Created
Server: Cowboy
Connection: keep-alive
X-Powered-By: Express
Access-Control-Allow-Origin: *
Set-Cookie: access_token=eyJhbGciOiJIUzI1NiIsInR5cCI6IkpXVCJ9.eyJpZCI6IjY1NGI1M2U0NTIyYWIyMDAxNDIyODY2MiIsImZpcnN0TmFtZSI6IlRhbWlzaGEiLCJsYXN0TmFtZSI6IlRpbGxtYW4iLCJpYXQiOjE2OTk0MzU0OTJ9.N-s3VU3JyXvaHvYEqNDSVeGhfBmX812IozipumzPTfg; Path=/
Set-Cookie: userID=j%3A%22654b53e4522ab20014228662%22; Path=/
Set-Cookie: firstName=Tamisha; Path=/
Content-Type: application/json; charset=utf-8
Content-Length: 282
Etag: W/"11a-ue5DkoX90yrnIb4p3Z3LLRhbHGM"
Date: Wed, 08 Nov 2023 09:24:52 GMT
Via: 1.1 vegur

{
    "access_token": "eyJhbGciOiJIUzI1NiIsInR5cCI6IkpXVCJ9.eyJpZCI6IjY1NGI1M2U0NTIyYWIyMDAxNDIyODY2MiIsImZpcnN0TmFtZSI6IlRhbWlzaGEiLCJsYXN0TmFtZSI6IlRpbGxtYW4iLCJpYXQiOjE2OTk0MzU0OTJ9.N-s3VU3JyXvaHvYEqNDSVeGhfBmX812IozipumzPTfg",
    "userID": "654b53e4522ab20014228662",
    "firstName": "Tamisha"
}
HTTP/1.1 201 Created
Server: Cowboy
Report-To: {"group":"heroku-nel","max_age":3600,"endpoints":[{"url":"https://nel.heroku.com/reports?ts=1699435491&sid=812dcc77-0bd0-43b1-a5f1-b25750382959&s=6wmrpz0cBKqO%2FxRuY8%2B28qlXko0oXawMqxEX4r6ze88%3D"}]}
Reporting-Endpoints: heroku-nel=https://nel.heroku.com/reports?ts=1699435491&sid=812dcc77-0bd0-43b1-a5f1-b25750382959&s=6wmrpz0cBKqO%2FxRuY8%2B28qlXko0oXawMqxEX4r6ze88%3D
Nel: {"report_to":"heroku-nel","max_age":3600,"success_fraction":0.005,"failure_fraction":0.05,"response_headers":["Via"]}
Connection: keep-alive
X-Powered-By: Express
Access-Control-Allow-Origin: *
Set-Cookie: access_token=eyJhbGciOiJIUzI1NiIsInR5cCI6IkpXVCJ9.eyJpZCI6IjY1NGI1M2U0NTIyYWIyMDAxNDIyODY1YSIsImZpcnN0TmFtZSI6IkRhbWlvbiIsImxhc3ROYW1lIjoiQnJla2tlIiwiaWF0IjoxNjk5NDM1NDkyfQ.tOCIYEYPnTRGaz6yGlqaS3vpFUYVgr2RscYnQmtP02o; Path=/
Set-Cookie: userID=j%3A%22654b53e4522ab2001422865a%22; Path=/
Set-Cookie: firstName=Damion; Path=/
Content-Type: application/json; charset=utf-8
Content-Length: 279
Etag: W/"117-d3QCUaxshQwcxiTPi2ytLK62zyM"
Date: Wed, 08 Nov 2023 09:24:52 GMT
Via: 1.1 vegur

{
    "access_token": "eyJhbGciOiJIUzI1NiIsInR5cCI6IkpXVCJ9.eyJpZCI6IjY1NGI1M2U0NTIyYWIyMDAxNDIyODY1YSIsImZpcnN0TmFtZSI6IkRhbWlvbiIsImxhc3ROYW1lIjoiQnJla2tlIiwiaWF0IjoxNjk5NDM1NDkyfQ.tOCIYEYPnTRGaz6yGlqaS3vpFUYVgr2RscYnQmtP02o",
    "userID": "654b53e4522ab2001422865a",
    "firstName": "Damion"
}
HTTP/1.1 201 Created
Server: Cowboy
Report-To: {"group":"heroku-nel","max_age":3600,"endpoints":[{"url":"https://nel.heroku.com/reports?ts=1699435491&sid=812dcc77-0bd0-43b1-a5f1-b25750382959&s=6wmrpz0cBKqO%2FxRuY8%2B28qlXko0oXawMqxEX4r6ze88%3D"}]}
Reporting-Endpoints: heroku-nel=https://nel.heroku.com/reports?ts=1699435491&sid=812dcc77-0bd0-43b1-a5f1-b25750382959&s=6wmrpz0cBKqO%2FxRuY8%2B28qlXko0oXawMqxEX4r6ze88%3D
Nel: {"report_to":"heroku-nel","max_age":3600,"success_fraction":0.005,"failure_fraction":0.05,"response_headers":["Via"]}
Connection: keep-alive
X-Powered-By: Express
Access-Control-Allow-Origin: *
Set-Cookie: access_token=eyJhbGciOiJIUzI1NiIsInR5cCI6IkpXVCJ9.eyJpZCI6IjY1NGI1M2UzNTIyYWIyMDAxNDIyODY1NiIsImZpcnN0TmFtZSI6Ikx1a2UiLCJsYXN0TmFtZSI6Ik1pdGNoZWxsIiwiaWF0IjoxNjk5NDM1NDkyfQ.xaTkHuk4m0YaBPftsG7h8MfnhGrgErtKOwQHdLtrOb0; Path=/
Set-Cookie: userID=j%3A%22654b53e3522ab20014228656%22; Path=/
Set-Cookie: firstName=Luke; Path=/
Content-Type: application/json; charset=utf-8
Content-Length: 277
Etag: W/"115-jGw5AjA8rHy34If/vA32fQU94mo"
Date: Wed, 08 Nov 2023 09:24:52 GMT
Via: 1.1 vegur

{
    "access_token": "eyJhbGciOiJIUzI1NiIsInR5cCI6IkpXVCJ9.eyJpZCI6IjY1NGI1M2UzNTIyYWIyMDAxNDIyODY1NiIsImZpcnN0TmFtZSI6Ikx1a2UiLCJsYXN0TmFtZSI6Ik1pdGNoZWxsIiwiaWF0IjoxNjk5NDM1NDkyfQ.xaTkHuk4m0YaBPftsG7h8MfnhGrgErtKOwQHdLtrOb0",
    "userID": "654b53e3522ab20014228656",
    "firstName": "Luke"
}
HTTP/1.1 201 Created
Server: Cowboy
Connection: keep-alive
X-Powered-By: Express
Access-Control-Allow-Origin: *
Set-Cookie: access_token=eyJhbGciOiJIUzI1NiIsInR5cCI6IkpXVCJ9.eyJpZCI6IjY1NGI1M2U0NTIyYWIyMDAxNDIyODY1YyIsImZpcnN0TmFtZSI6Ik1pdGNoZWwiLCJsYXN0TmFtZSI6IkhhcnZleSIsImlhdCI6MTY5OTQzNTQ5Mn0.rhySwMai7ilYlfiddJEb0MF8RRAJJT23YIAys0SHdM4; Path=/
Set-Cookie: userID=j%3A%22654b53e4522ab2001422865c%22; Path=/
Set-Cookie: firstName=Mitchel; Path=/
Content-Type: application/json; charset=utf-8
Content-Length: 281
Etag: W/"119-aL6RGzGD0zDZbtd8ZFSVw527vQQ"
Date: Wed, 08 Nov 2023 09:24:52 GMT
Via: 1.1 vegur

{
    "access_token": "eyJhbGciOiJIUzI1NiIsInR5cCI6IkpXVCJ9.eyJpZCI6IjY1NGI1M2U0NTIyYWIyMDAxNDIyODY1YyIsImZpcnN0TmFtZSI6Ik1pdGNoZWwiLCJsYXN0TmFtZSI6IkhhcnZleSIsImlhdCI6MTY5OTQzNTQ5Mn0.rhySwMai7ilYlfiddJEb0MF8RRAJJT23YIAys0SHdM4",
    "userID": "654b53e4522ab2001422865c",
    "firstName": "Mitchel"
}
Request method:	POST
Request URI:	https://todo.qacart.com/api/v1/users/login
Proxy:			<none>
Request params:	<none>
Query params:	<none>
Form params:	<none>
Path params:	<none>
Headers:		Accept=*/*
				Content-Type=application/json
Cookies:		<none>
Multiparts:		<none>
Body:
{
    "email": "stephan.sporer@gmail.com",
    "password": "test123r"
}
Request method:	POST
Request URI:	https://todo.qacart.com/api/v1/users/login
Proxy:			<none>
Request params:	<none>
Query params:	<none>
Form params:	<none>
Path params:	<none>
Headers:		Accept=*/*
				Content-Type=application/json
Cookies:		<none>
Multiparts:		<none>
Body:
{
    "email": "shauna.doyle@hotmail.com",
    "password": "testres"
}
Request method:	POST
Request URI:	https://todo.qacart.com/api/v1/users/register
Proxy:			<none>
Request params:	<none>
Query params:	<none>
Form params:	<none>
Path params:	<none>
Headers:		Accept=*/*
				Content-Type=application/json
Cookies:		<none>
Multiparts:		<none>
Body:
{
    "email": "blaine.quigley@yahoo.com",
    "password": "test123r",
    "firstName": "Tyson",
    "lastName": "Schmidt"
}
]]></system-out>
    <system-err><![CDATA[SLF4J: Failed to load class "org.slf4j.impl.StaticLoggerBinder".
SLF4J: Defaulting to no-operation (NOP) logger implementation
SLF4J: See http://www.slf4j.org/codes.html#StaticLoggerBinder for further details.
]]></system-err>
  </testcase>
  <testcase name="shouldNotBeAbleToLoginIfThePasswordIsNotCorrect" classname="TODO.TestCases.UserTest" time="6.454">
    <system-out><![CDATA[HTTP/1.1 400 Bad Request
Server: Cowboy
Report-To: {"group":"heroku-nel","max_age":3600,"endpoints":[{"url":"https://nel.heroku.com/reports?ts=1699435493&sid=812dcc77-0bd0-43b1-a5f1-b25750382959&s=qOe8MsfZbv37Ikd%2FU5j91yNbzfpkN4RJRkZtFLpZQY0%3D"}]}
Reporting-Endpoints: heroku-nel=https://nel.heroku.com/reports?ts=1699435493&sid=812dcc77-0bd0-43b1-a5f1-b25750382959&s=qOe8MsfZbv37Ikd%2FU5j91yNbzfpkN4RJRkZtFLpZQY0%3D
Nel: {"report_to":"heroku-nel","max_age":3600,"success_fraction":0.005,"failure_fraction":0.05,"response_headers":["Via"]}
Connection: keep-alive
X-Powered-By: Express
Access-Control-Allow-Origin: *
Content-Type: application/json; charset=utf-8
Content-Length: 44
Etag: W/"2c-OQksK/mr1BwIe3bT0tzF8TOXm6U"
Date: Wed, 08 Nov 2023 09:24:53 GMT
Via: 1.1 vegur

{
    "message": "Please Fill a correct Password"
}
]]></system-out>
  </testcase>
  <testcase name="shouldBeAbleToLogin" classname="TODO.TestCases.UserTest" time="6.51">
    <system-out><![CDATA[HTTP/1.1 400 Bad Request
Server: Cowboy
Report-To: {"group":"heroku-nel","max_age":3600,"endpoints":[{"url":"https://nel.heroku.com/reports?ts=1699435493&sid=812dcc77-0bd0-43b1-a5f1-b25750382959&s=qOe8MsfZbv37Ikd%2FU5j91yNbzfpkN4RJRkZtFLpZQY0%3D"}]}
Reporting-Endpoints: heroku-nel=https://nel.heroku.com/reports?ts=1699435493&sid=812dcc77-0bd0-43b1-a5f1-b25750382959&s=qOe8MsfZbv37Ikd%2FU5j91yNbzfpkN4RJRkZtFLpZQY0%3D
Nel: {"report_to":"heroku-nel","max_age":3600,"success_fraction":0.005,"failure_fraction":0.05,"response_headers":["Via"]}
Connection: keep-alive
X-Powered-By: Express
Access-Control-Allow-Origin: *
Content-Type: application/json; charset=utf-8
Content-Length: 53
Etag: W/"35-dsxV0+vy1L0TgNQY0Spaqv/j9fw"
Date: Wed, 08 Nov 2023 09:24:53 GMT
Via: 1.1 vegur

{
    "message": "Email is already exists in the Database"
}
HTTP/1.1 200 OK
Server: Cowboy
Report-To: {"group":"heroku-nel","max_age":3600,"endpoints":[{"url":"https://nel.heroku.com/reports?ts=1699435493&sid=812dcc77-0bd0-43b1-a5f1-b25750382959&s=qOe8MsfZbv37Ikd%2FU5j91yNbzfpkN4RJRkZtFLpZQY0%3D"}]}
Reporting-Endpoints: heroku-nel=https://nel.heroku.com/reports?ts=1699435493&sid=812dcc77-0bd0-43b1-a5f1-b25750382959&s=qOe8MsfZbv37Ikd%2FU5j91yNbzfpkN4RJRkZtFLpZQY0%3D
Nel: {"report_to":"heroku-nel","max_age":3600,"success_fraction":0.005,"failure_fraction":0.05,"response_headers":["Via"]}
Connection: keep-alive
X-Powered-By: Express
Access-Control-Allow-Origin: *
Set-Cookie: access_token=eyJhbGciOiJIUzI1NiIsInR5cCI6IkpXVCJ9.eyJpZCI6IjY1NGI1M2U0NTIyYWIyMDAxNDIyODY1YyIsImZpcnN0TmFtZSI6Ik1pdGNoZWwiLCJsYXN0TmFtZSI6IkhhcnZleSIsImlhdCI6MTY5OTQzNTQ5M30.5vAYbcgcQFBU7OADtDp9J-uTVyBODrXcMQZ0y6ZSTGs; Path=/
Set-Cookie: userID=j%3A%22654b53e4522ab2001422865c%22; Path=/
Set-Cookie: firstName=Mitchel; Path=/
Content-Type: application/json; charset=utf-8
Content-Length: 281
Etag: W/"119-rMieb+Z8g6GMI4osX94ipVMVYUo"
Date: Wed, 08 Nov 2023 09:24:53 GMT
Via: 1.1 vegur

{
    "access_token": "eyJhbGciOiJIUzI1NiIsInR5cCI6IkpXVCJ9.eyJpZCI6IjY1NGI1M2U0NTIyYWIyMDAxNDIyODY1YyIsImZpcnN0TmFtZSI6Ik1pdGNoZWwiLCJsYXN0TmFtZSI6IkhhcnZleSIsImlhdCI6MTY5OTQzNTQ5M30.5vAYbcgcQFBU7OADtDp9J-uTVyBODrXcMQZ0y6ZSTGs",
    "userID": "654b53e4522ab2001422865c",
    "firstName": "Mitchel"
}
]]></system-out>
  </testcase>
  <testcase name="shouldBeAbleToRegistrerWithTheSameEmail" classname="TODO.TestCases.UserTest" time="6.512"/>
  <testcase name="shouldNotBeAbleTodoIfIsCompletedIsMissing" classname="TODO.TestCases.TodoTest" time="7.573">
    <system-out><![CDATA[Request method:	POST
Request URI:	https://todo.qacart.com/api/v1/tasks
Proxy:			<none>
Request params:	<none>
Query params:	<none>
Form params:	<none>
Path params:	<none>
Headers:		Accept=*/*
				Content-Type=application/json
Cookies:		<none>
Multiparts:		<none>
Body:
{
    "item": "Learn Postman"
}
Request method:	POST
Request URI:	https://todo.qacart.com/api/v1/tasks
Proxy:			<none>
Request params:	<none>
Query params:	<none>
Form params:	<none>
Path params:	<none>
Headers:		Accept=*/*
				Content-Type=application/json
Cookies:		<none>
Multiparts:		<none>
Body:
{
    "item": "The Little Foxes",
    "isCompleted": false
}
Request method:	POST
Request URI:	https://todo.qacart.com/api/v1/tasks
Proxy:			<none>
Request params:	<none>
Query params:	<none>
Form params:	<none>
Path params:	<none>
Headers:		Accept=*/*
				Content-Type=application/json
Cookies:		<none>
Multiparts:		<none>
Body:
{
    "item": "From Here to Eternity",
    "isCompleted": false
}
Request method:	POST
Request URI:	https://todo.qacart.com/api/v1/tasks
Proxy:			<none>
Request params:	<none>
Query params:	<none>
Form params:	<none>
Path params:	<none>
Headers:		Accept=*/*
				Content-Type=application/json
Cookies:		<none>
Multiparts:		<none>
Body:
{
    "item": "Such, Such Were the Joys",
    "isCompleted": false
}
HTTP/1.1 201 Created
Server: Cowboy
Report-To: {"group":"heroku-nel","max_age":3600,"endpoints":[{"url":"https://nel.heroku.com/reports?ts=1699435494&sid=812dcc77-0bd0-43b1-a5f1-b25750382959&s=KPW%2Fj9%2BRW7QBs81vPZ9zwB7cDGhhDtTwb0ElA7%2BISLU%3D"}]}
Reporting-Endpoints: heroku-nel=https://nel.heroku.com/reports?ts=1699435494&sid=812dcc77-0bd0-43b1-a5f1-b25750382959&s=KPW%2Fj9%2BRW7QBs81vPZ9zwB7cDGhhDtTwb0ElA7%2BISLU%3D
Nel: {"report_to":"heroku-nel","max_age":3600,"success_fraction":0.005,"failure_fraction":0.05,"response_headers":["Via"]}
Connection: keep-alive
X-Powered-By: Express
Access-Control-Allow-Origin: *
Content-Type: application/json; charset=utf-8
Content-Length: 163
Etag: W/"a3-DZBO11We1KzrAf/fPtB9KRw0qg8"
Date: Wed, 08 Nov 2023 09:24:54 GMT
Via: 1.1 vegur

{
    "isCompleted": false,
    "_id": "654b53e6522ab2001422866d",
    "item": "The Little Foxes",
    "userID": "654b53e4522ab20014228660",
    "createdAt": "2023-11-08T09:24:54.263Z",
    "__v": 0
}
HTTP/1.1 400 Bad Request
Server: Cowboy
Report-To: {"group":"heroku-nel","max_age":3600,"endpoints":[{"url":"https://nel.heroku.com/reports?ts=1699435494&sid=812dcc77-0bd0-43b1-a5f1-b25750382959&s=KPW%2Fj9%2BRW7QBs81vPZ9zwB7cDGhhDtTwb0ElA7%2BISLU%3D"}]}
Reporting-Endpoints: heroku-nel=https://nel.heroku.com/reports?ts=1699435494&sid=812dcc77-0bd0-43b1-a5f1-b25750382959&s=KPW%2Fj9%2BRW7QBs81vPZ9zwB7cDGhhDtTwb0ElA7%2BISLU%3D
Nel: {"report_to":"heroku-nel","max_age":3600,"success_fraction":0.005,"failure_fraction":0.05,"response_headers":["Via"]}
Connection: keep-alive
X-Powered-By: Express
Access-Control-Allow-Origin: *
Content-Type: application/json; charset=utf-8
Content-Length: 41
Etag: W/"29-6r/RqTsrv9UltwKyzcuXEXN5hS4"
Date: Wed, 08 Nov 2023 09:24:54 GMT
Via: 1.1 vegur

{
    "message": "\"isCompleted\" is required"
}
HTTP/1.1 201 Created
Server: Cowboy
Report-To: {"group":"heroku-nel","max_age":3600,"endpoints":[{"url":"https://nel.heroku.com/reports?ts=1699435494&sid=812dcc77-0bd0-43b1-a5f1-b25750382959&s=KPW%2Fj9%2BRW7QBs81vPZ9zwB7cDGhhDtTwb0ElA7%2BISLU%3D"}]}
Reporting-Endpoints: heroku-nel=https://nel.heroku.com/reports?ts=1699435494&sid=812dcc77-0bd0-43b1-a5f1-b25750382959&s=KPW%2Fj9%2BRW7QBs81vPZ9zwB7cDGhhDtTwb0ElA7%2BISLU%3D
Nel: {"report_to":"heroku-nel","max_age":3600,"success_fraction":0.005,"failure_fraction":0.05,"response_headers":["Via"]}
Connection: keep-alive
X-Powered-By: Express
Access-Control-Allow-Origin: *
Content-Type: application/json; charset=utf-8
Content-Length: 168
Etag: W/"a8-jhCAU6sbL529vLFAuKSPZDU4k2A"
Date: Wed, 08 Nov 2023 09:24:54 GMT
Via: 1.1 vegur

{
    "isCompleted": false,
    "_id": "654b53e6522ab20014228669",
    "item": "From Here to Eternity",
    "userID": "654b53e4522ab2001422865e",
    "createdAt": "2023-11-08T09:24:54.249Z",
    "__v": 0
}
HTTP/1.1 201 Created
Server: Cowboy
Report-To: {"group":"heroku-nel","max_age":3600,"endpoints":[{"url":"https://nel.heroku.com/reports?ts=1699435494&sid=812dcc77-0bd0-43b1-a5f1-b25750382959&s=KPW%2Fj9%2BRW7QBs81vPZ9zwB7cDGhhDtTwb0ElA7%2BISLU%3D"}]}
Reporting-Endpoints: heroku-nel=https://nel.heroku.com/reports?ts=1699435494&sid=812dcc77-0bd0-43b1-a5f1-b25750382959&s=KPW%2Fj9%2BRW7QBs81vPZ9zwB7cDGhhDtTwb0ElA7%2BISLU%3D
Nel: {"report_to":"heroku-nel","max_age":3600,"success_fraction":0.005,"failure_fraction":0.05,"response_headers":["Via"]}
Connection: keep-alive
X-Powered-By: Express
Access-Control-Allow-Origin: *
Content-Type: application/json; charset=utf-8
Content-Length: 171
Etag: W/"ab-eyukTF8aOK6qStNg56pBB5u57kg"
Date: Wed, 08 Nov 2023 09:24:54 GMT
Via: 1.1 vegur

{
    "isCompleted": false,
    "_id": "654b53e6522ab2001422866b",
    "item": "Such, Such Were the Joys",
    "userID": "654b53e4522ab20014228664",
    "createdAt": "2023-11-08T09:24:54.251Z",
    "__v": 0
}
]]></system-out>
  </testcase>
  <testcase name="shouldBeAbleToAddTodo" classname="TODO.TestCases.TodoTest" time="7.575"/>
  <testcase name="shouldBeAbleToGetATodoByID" classname="TODO.TestCases.TodoTest" time="8.012">
    <system-out><![CDATA[Request method:	GET
Request URI:	https://todo.qacart.com/api/v1/tasks/654b53e6522ab2001422866b
Proxy:			<none>
Request params:	<none>
Query params:	<none>
Form params:	<none>
Path params:	<none>
Headers:		Accept=*/*
				Content-Type=application/json
Cookies:		<none>
Multiparts:		<none>
Body:			<none>
Request method:	DELETE
Request URI:	https://todo.qacart.com/api/v1/tasks/654b53e6522ab2001422866d
Proxy:			<none>
Request params:	<none>
Query params:	<none>
Form params:	<none>
Path params:	<none>
Headers:		Accept=*/*
				Content-Type=application/json
Cookies:		<none>
Multiparts:		<none>
Body:			<none>
HTTP/1.1 200 OK
Server: Cowboy
Report-To: {"group":"heroku-nel","max_age":3600,"endpoints":[{"url":"https://nel.heroku.com/reports?ts=1699435494&sid=812dcc77-0bd0-43b1-a5f1-b25750382959&s=KPW%2Fj9%2BRW7QBs81vPZ9zwB7cDGhhDtTwb0ElA7%2BISLU%3D"}]}
Reporting-Endpoints: heroku-nel=https://nel.heroku.com/reports?ts=1699435494&sid=812dcc77-0bd0-43b1-a5f1-b25750382959&s=KPW%2Fj9%2BRW7QBs81vPZ9zwB7cDGhhDtTwb0ElA7%2BISLU%3D
Nel: {"report_to":"heroku-nel","max_age":3600,"success_fraction":0.005,"failure_fraction":0.05,"response_headers":["Via"]}
Connection: keep-alive
X-Powered-By: Express
Access-Control-Allow-Origin: *
Content-Type: application/json; charset=utf-8
Content-Length: 171
Etag: W/"ab-eyukTF8aOK6qStNg56pBB5u57kg"
Date: Wed, 08 Nov 2023 09:24:54 GMT
Via: 1.1 vegur

{
    "isCompleted": false,
    "_id": "654b53e6522ab2001422866b",
    "item": "Such, Such Were the Joys",
    "userID": "654b53e4522ab20014228664",
    "createdAt": "2023-11-08T09:24:54.251Z",
    "__v": 0
}
HTTP/1.1 200 OK
Server: Cowboy
Connection: keep-alive
X-Powered-By: Express
Access-Control-Allow-Origin: *
Content-Type: application/json; charset=utf-8
Content-Length: 163
Etag: W/"a3-DZBO11We1KzrAf/fPtB9KRw0qg8"
Date: Wed, 08 Nov 2023 09:24:54 GMT
Via: 1.1 vegur

{
    "isCompleted": false,
    "_id": "654b53e6522ab2001422866d",
    "item": "The Little Foxes",
    "userID": "654b53e4522ab20014228660",
    "createdAt": "2023-11-08T09:24:54.263Z",
    "__v": 0
}
]]></system-out>
  </testcase>
  <testcase name="shouldBeAbleToDeleteATodo" classname="TODO.TestCases.TodoTest" time="8.013"/>
</testsuite>