<?xml version="1.0" encoding="UTF-8"?>
<testng-results ignored="0" total="4" passed="4" failed="0" skipped="0">
  <reporter-output>
  </reporter-output>
  <suite started-at="2023-11-07T19:44:25 CET" name="Default suite" finished-at="2023-11-07T19:44:34 CET" duration-ms="8376">
    <groups>
    </groups>
    <test started-at="2023-11-07T19:44:25 CET" name="Default test" finished-at="2023-11-07T19:44:34 CET" duration-ms="8376">
      <class name="TODO.TestCases.TodoTest">
        <test-method signature="shouldBeAbleToAddTodo()[pri:0, instance:TODO.TestCases.TodoTest@550ee7e5]" started-at="2023-11-07T19:44:25 CET" name="shouldBeAbleToAddTodo" finished-at="2023-11-07T19:44:30 CET" duration-ms="5049" status="PASS">
          <reporter-output>
          </reporter-output>
        </test-method> <!-- shouldBeAbleToAddTodo -->
        <test-method signature="shouldBeAbleToDeleteATodo()[pri:0, instance:TODO.TestCases.TodoTest@550ee7e5]" started-at="2023-11-07T19:44:30 CET" name="shouldBeAbleToDeleteATodo" finished-at="2023-11-07T19:44:31 CET" duration-ms="1174" status="PASS">
          <reporter-output>
          </reporter-output>
        </test-method> <!-- shouldBeAbleToDeleteATodo -->
        <test-method signature="shouldBeAbleToGetATodoByID()[pri:0, instance:TODO.TestCases.TodoTest@550ee7e5]" started-at="2023-11-07T19:44:31 CET" name="shouldBeAbleToGetATodoByID" finished-at="2023-11-07T19:44:33 CET" duration-ms="1230" status="PASS">
          <reporter-output>
          </reporter-output>
        </test-method> <!-- shouldBeAbleToGetATodoByID -->
        <test-method signature="shouldNotBeAbleTodoIfIsCompletedIsMissing()[pri:0, instance:TODO.TestCases.TodoTest@550ee7e5]" started-at="2023-11-07T19:44:33 CET" name="shouldNotBeAbleTodoIfIsCompletedIsMissing" finished-at="2023-11-07T19:44:34 CET" duration-ms="868" status="PASS">
          <reporter-output>
          </reporter-output>
        </test-method> <!-- shouldNotBeAbleTodoIfIsCompletedIsMissing -->
      </class> <!-- TODO.TestCases.TodoTest -->
    </test> <!-- Default test -->
  </suite> <!-- Default suite -->
</testng-results>
